2023-10-13 21:54:09,385 [INFO] -  * Restarting with watchdog (windowsapi)
2023-10-13 21:54:18,698 [WARNING] -  * Debugger is active!
2023-10-13 21:54:18,703 [INFO] -  * Debugger PIN: 131-953-896
2023-10-13 21:57:18,027 [INFO] -  * Detected change in 'd:\\Courses\\Master_Thesis\\automl_exp\\MT_Code\\app_runner\\file_monitor.py', reloading
2023-10-13 21:57:18,028 [INFO] -  * Detected change in 'd:\\Courses\\Master_Thesis\\automl_exp\\MT_Code\\app_runner\\file_monitor.py', reloading
2023-10-13 21:57:18,029 [INFO] -  * Detected change in 'd:\\Courses\\Master_Thesis\\automl_exp\\MT_Code\\app_runner\\file_monitor.py', reloading
2023-10-13 21:57:19,099 [INFO] -  * Restarting with watchdog (windowsapi)
2023-10-13 21:57:27,203 [WARNING] -  * Debugger is active!
2023-10-13 21:57:27,209 [INFO] -  * Debugger PIN: 131-953-896
2023-10-13 22:07:58,353 [INFO] -  * Detected change in 'd:\\Courses\\Master_Thesis\\automl_exp\\MT_Code\\app_runner\\app.py', reloading
2023-10-13 22:07:58,355 [INFO] -  * Detected change in 'd:\\Courses\\Master_Thesis\\automl_exp\\MT_Code\\app_runner\\app.py', reloading
2023-10-13 22:07:58,355 [INFO] -  * Detected change in 'd:\\Courses\\Master_Thesis\\automl_exp\\MT_Code\\app_runner\\app.py', reloading
2023-10-13 22:08:00,003 [INFO] -  * Restarting with watchdog (windowsapi)
2023-10-13 22:08:43,997 [INFO] -  * Restarting with watchdog (windowsapi)
2023-10-13 22:08:52,818 [WARNING] -  * Debugger is active!
2023-10-13 22:08:52,823 [INFO] -  * Debugger PIN: 131-953-896
2023-10-13 22:13:41,684 [INFO] -  * Detected change in 'd:\\Courses\\Master_Thesis\\automl_exp\\MT_Code\\app_runner\\app.py', reloading
2023-10-13 22:13:41,685 [INFO] -  * Detected change in 'd:\\Courses\\Master_Thesis\\automl_exp\\MT_Code\\app_runner\\app.py', reloading
2023-10-13 22:13:41,686 [INFO] -  * Detected change in 'd:\\Courses\\Master_Thesis\\automl_exp\\MT_Code\\app_runner\\app.py', reloading
2023-10-13 22:13:42,924 [INFO] -  * Restarting with watchdog (windowsapi)
2023-10-13 22:13:50,872 [WARNING] -  * Debugger is active!
2023-10-13 22:13:50,876 [INFO] -  * Debugger PIN: 131-953-896
2023-10-13 22:15:20,073 [INFO] -  * Detected change in 'd:\\Courses\\Master_Thesis\\automl_exp\\MT_Code\\app_runner\\file_monitor.py', reloading
2023-10-13 22:15:20,074 [INFO] -  * Detected change in 'd:\\Courses\\Master_Thesis\\automl_exp\\MT_Code\\app_runner\\file_monitor.py', reloading
2023-10-13 22:15:20,075 [INFO] -  * Detected change in 'd:\\Courses\\Master_Thesis\\automl_exp\\MT_Code\\app_runner\\file_monitor.py', reloading
2023-10-13 22:15:21,006 [INFO] -  * Restarting with watchdog (windowsapi)
2023-10-13 22:15:29,275 [WARNING] -  * Debugger is active!
2023-10-13 22:15:29,279 [INFO] -  * Debugger PIN: 131-953-896
2023-10-13 22:15:31,141 [INFO] -  * Detected change in 'd:\\Courses\\Master_Thesis\\automl_exp\\MT_Code\\app_runner\\file_monitor.py', reloading
2023-10-13 22:15:31,141 [INFO] -  * Detected change in 'd:\\Courses\\Master_Thesis\\automl_exp\\MT_Code\\app_runner\\file_monitor.py', reloading
2023-10-13 22:15:31,142 [INFO] -  * Detected change in 'd:\\Courses\\Master_Thesis\\automl_exp\\MT_Code\\app_runner\\file_monitor.py', reloading
2023-10-13 22:15:32,078 [INFO] -  * Restarting with watchdog (windowsapi)
2023-10-13 22:15:40,663 [WARNING] -  * Debugger is active!
2023-10-13 22:15:40,668 [INFO] -  * Debugger PIN: 131-953-896
2023-10-13 22:15:41,917 [INFO] -  * Detected change in 'd:\\Courses\\Master_Thesis\\automl_exp\\MT_Code\\app_runner\\file_monitor.py', reloading
2023-10-13 22:15:41,919 [INFO] -  * Detected change in 'd:\\Courses\\Master_Thesis\\automl_exp\\MT_Code\\app_runner\\file_monitor.py', reloading
2023-10-13 22:15:41,919 [INFO] -  * Detected change in 'd:\\Courses\\Master_Thesis\\automl_exp\\MT_Code\\app_runner\\file_monitor.py', reloading
2023-10-13 22:15:43,445 [INFO] -  * Restarting with watchdog (windowsapi)
2023-10-13 22:15:55,001 [WARNING] -  * Debugger is active!
2023-10-13 22:15:55,007 [INFO] -  * Debugger PIN: 131-953-896
2023-10-13 22:15:56,332 [INFO] -  * Detected change in 'd:\\Courses\\Master_Thesis\\automl_exp\\MT_Code\\app_runner\\file_monitor.py', reloading
2023-10-13 22:15:56,334 [INFO] -  * Detected change in 'd:\\Courses\\Master_Thesis\\automl_exp\\MT_Code\\app_runner\\file_monitor.py', reloading
2023-10-13 22:15:56,334 [INFO] -  * Detected change in 'd:\\Courses\\Master_Thesis\\automl_exp\\MT_Code\\app_runner\\file_monitor.py', reloading
2023-10-13 22:15:57,679 [INFO] -  * Restarting with watchdog (windowsapi)
2023-10-13 22:16:08,397 [WARNING] -  * Debugger is active!
2023-10-13 22:16:08,402 [INFO] -  * Debugger PIN: 131-953-896
2023-10-13 22:16:12,511 [INFO] -  * Detected change in 'd:\\Courses\\Master_Thesis\\automl_exp\\MT_Code\\app_runner\\file_monitor.py', reloading
2023-10-13 22:16:12,512 [INFO] -  * Detected change in 'd:\\Courses\\Master_Thesis\\automl_exp\\MT_Code\\app_runner\\file_monitor.py', reloading
2023-10-13 22:16:12,513 [INFO] -  * Detected change in 'd:\\Courses\\Master_Thesis\\automl_exp\\MT_Code\\app_runner\\file_monitor.py', reloading
2023-10-13 22:16:12,513 [INFO] -  * Detected change in 'd:\\Courses\\Master_Thesis\\automl_exp\\MT_Code\\app_runner\\file_monitor.py', reloading
2023-10-13 22:16:14,145 [INFO] -  * Restarting with watchdog (windowsapi)
2023-10-13 22:16:49,828 [INFO] -  * Restarting with watchdog (windowsapi)
2023-10-13 22:17:00,430 [WARNING] -  * Debugger is active!
2023-10-13 22:17:00,434 [INFO] -  * Debugger PIN: 131-953-896
2023-10-13 22:17:09,494 [INFO] -  * Detected change in 'd:\\Courses\\Master_Thesis\\automl_exp\\MT_Code\\app_runner\\app.py', reloading
2023-10-13 22:17:09,494 [INFO] -  * Detected change in 'd:\\Courses\\Master_Thesis\\automl_exp\\MT_Code\\app_runner\\app.py', reloading
2023-10-13 22:17:09,495 [INFO] -  * Detected change in 'd:\\Courses\\Master_Thesis\\automl_exp\\MT_Code\\app_runner\\app.py', reloading
2023-10-13 22:17:10,400 [INFO] -  * Restarting with watchdog (windowsapi)
2023-10-13 22:18:51,485 [INFO] -  * Restarting with watchdog (windowsapi)
2023-10-13 22:18:59,922 [WARNING] -  * Debugger is active!
2023-10-13 22:18:59,927 [INFO] -  * Debugger PIN: 131-953-896
2023-10-15 15:02:28,088 [INFO] -  * Restarting with watchdog (windowsapi)
2023-10-15 15:02:53,197 [WARNING] -  * Debugger is active!
2023-10-15 15:02:53,204 [INFO] -  * Debugger PIN: 131-953-896
2023-10-15 15:03:17,741 [INFO] -  * Detected change in 'c:\\Users\\Deepanshu\\anaconda3\\envs\\automl\\Lib\\site-packages\\autokeras\\utils\\data_utils.py', reloading
2023-10-15 15:03:17,900 [INFO] -  * Detected change in 'c:\\Users\\Deepanshu\\anaconda3\\envs\\automl\\Lib\\site-packages\\autokeras\\pipeline.py', reloading
2023-10-15 15:03:18,114 [INFO] -  * Detected change in 'c:\\Users\\Deepanshu\\anaconda3\\envs\\automl\\Lib\\site-packages\\autokeras\\preprocessors\\common.py', reloading
2023-10-15 15:03:19,755 [INFO] -  * Restarting with watchdog (windowsapi)
2023-10-15 15:03:57,576 [WARNING] -  * Debugger is active!
2023-10-15 15:03:57,856 [INFO] -  * Debugger PIN: 131-953-896
2023-10-15 15:04:52,942 [INFO] -  * Detected change in 'c:\\Users\\Deepanshu\\anaconda3\\envs\\automl\\Lib\\site-packages\\keras\\saving\\saving_utils.py', reloading
2023-10-15 15:04:54,924 [INFO] -  * Restarting with watchdog (windowsapi)
2023-10-15 15:05:18,936 [WARNING] -  * Debugger is active!
2023-10-15 15:05:18,940 [INFO] -  * Debugger PIN: 131-953-896
2023-10-15 15:05:49,188 [INFO] -  * Detected change in 'd:\\Courses\\Master_Thesis\\automl_exp\\MT_Code\\app_runner\\wrapper.py', reloading
2023-10-15 15:05:49,189 [INFO] -  * Detected change in 'd:\\Courses\\Master_Thesis\\automl_exp\\MT_Code\\app_runner\\wrapper.py', reloading
2023-10-15 15:05:49,189 [INFO] -  * Detected change in 'd:\\Courses\\Master_Thesis\\automl_exp\\MT_Code\\app_runner\\wrapper.py', reloading
2023-10-15 15:05:49,190 [INFO] -  * Detected change in 'd:\\Courses\\Master_Thesis\\automl_exp\\MT_Code\\app_runner\\wrapper.py', reloading
2023-10-15 15:05:50,294 [INFO] -  * Restarting with watchdog (windowsapi)
